<?xml version="1.0" encoding="UTF-8"?>
<testng-results ignored="2" total="8" passed="6" failed="0" skipped="0">
  <reporter-output>
  </reporter-output>
  <suite started-at="2022-03-09T11:10:14 IST" name="All Test Suite" finished-at="2022-03-09T11:10:14 IST" duration-ms="257">
    <groups>
    </groups>
    <test started-at="2022-03-09T11:10:14 IST" name="C:/Users/Asus/IdeaProjects/PracticeAutomation1" finished-at="2022-03-09T11:10:14 IST" duration-ms="257">
      <class name="tests.Test2">
        <test-method signature="tc4()[pri:0, instance:tests.Test2@525f1e4e]" started-at="2022-03-09T11:10:14 IST" name="tc4" finished-at="2022-03-09T11:10:14 IST" duration-ms="9" status="PASS">
          <reporter-output>
          </reporter-output>
        </test-method> <!-- tc4 -->
        <test-method is-config="true" signature="endTest()[pri:0, instance:tests.Test2@525f1e4e]" started-at="2022-03-09T11:10:14 IST" name="endTest" finished-at="2022-03-09T11:10:14 IST" duration-ms="1" status="PASS">
          <reporter-output>
          </reporter-output>
        </test-method> <!-- endTest -->
        <test-method signature="tc5()[pri:0, instance:tests.Test2@525f1e4e]" started-at="2022-03-09T11:10:14 IST" name="tc5" finished-at="2022-03-09T11:10:14 IST" duration-ms="1" status="PASS">
          <reporter-output>
          </reporter-output>
        </test-method> <!-- tc5 -->
        <test-method is-config="true" signature="endTest()[pri:0, instance:tests.Test2@525f1e4e]" started-at="2022-03-09T11:10:14 IST" name="endTest" finished-at="2022-03-09T11:10:14 IST" duration-ms="1" status="PASS">
          <reporter-output>
          </reporter-output>
        </test-method> <!-- endTest -->
        <test-method signature="tc6()[pri:0, instance:tests.Test2@525f1e4e]" started-at="2022-03-09T11:10:14 IST" name="tc6" finished-at="2022-03-09T11:10:14 IST" duration-ms="1" status="PASS">
          <reporter-output>
          </reporter-output>
        </test-method> <!-- tc6 -->
        <test-method is-config="true" signature="endTest()[pri:0, instance:tests.Test2@525f1e4e]" started-at="2022-03-09T11:10:14 IST" name="endTest" finished-at="2022-03-09T11:10:14 IST" duration-ms="1" status="PASS">
          <reporter-output>
          </reporter-output>
        </test-method> <!-- endTest -->
      </class> <!-- tests.Test2 -->
      <class name="tests.Test1">
        <test-method is-config="true" signature="start()[pri:0, instance:tests.Test1@57d5872c]" started-at="2022-03-09T11:10:14 IST" name="start" finished-at="2022-03-09T11:10:14 IST" duration-ms="52" status="PASS">
          <reporter-output>
          </reporter-output>
        </test-method> <!-- start -->
        <test-method signature="tc1()[pri:0, instance:tests.Test1@57d5872c]" started-at="2022-03-09T11:10:14 IST" name="tc1" finished-at="2022-03-09T11:10:14 IST" duration-ms="5" status="PASS">
          <reporter-output>
          </reporter-output>
        </test-method> <!-- tc1 -->
        <test-method is-config="true" signature="endTest()[pri:0, instance:tests.Test1@57d5872c]" started-at="2022-03-09T11:10:14 IST" name="endTest" finished-at="2022-03-09T11:10:14 IST" duration-ms="6" status="PASS">
          <reporter-output>
          </reporter-output>
        </test-method> <!-- endTest -->
        <test-method signature="tc2()[pri:0, instance:tests.Test1@57d5872c]" started-at="2022-03-09T11:10:14 IST" name="tc2" finished-at="2022-03-09T11:10:14 IST" duration-ms="4" status="PASS">
          <reporter-output>
          </reporter-output>
        </test-method> <!-- tc2 -->
        <test-method is-config="true" signature="endTest()[pri:0, instance:tests.Test1@57d5872c]" started-at="2022-03-09T11:10:14 IST" name="endTest" finished-at="2022-03-09T11:10:14 IST" duration-ms="6" status="PASS">
          <reporter-output>
          </reporter-output>
        </test-method> <!-- endTest -->
        <test-method signature="tc3()[pri:0, instance:tests.Test1@57d5872c]" started-at="2022-03-09T11:10:14 IST" name="tc3" finished-at="2022-03-09T11:10:14 IST" duration-ms="5" status="PASS">
          <reporter-output>
          </reporter-output>
        </test-method> <!-- tc3 -->
        <test-method is-config="true" signature="endTest()[pri:0, instance:tests.Test1@57d5872c]" started-at="2022-03-09T11:10:14 IST" name="endTest" finished-at="2022-03-09T11:10:14 IST" duration-ms="4" status="PASS">
          <reporter-output>
          </reporter-output>
        </test-method> <!-- endTest -->
      </class> <!-- tests.Test1 -->
    </test> <!-- C:/Users/Asus/IdeaProjects/PracticeAutomation1 -->
  </suite> <!-- All Test Suite -->
</testng-results>
